<?xml version="1.0" encoding="UTF-8"?>
<coverage generated="1764108252677" clover="3.2.0">
  <project timestamp="1764108252677" name="All files">
    <metrics statements="20" coveredstatements="16" conditionals="6" coveredconditionals="4" methods="5" coveredmethods="2" elements="31" coveredelements="22" complexity="0" loc="20" ncloc="20" packages="1" files="2" classes="2"/>
    <file name="app.js" path="/home/odartei/Amalitech/CI_CD NODE SERIES/env_cicd_demo/todo-app/src/app.js">
      <metrics statements="6" coveredstatements="5" conditionals="4" coveredconditionals="3" methods="1" coveredmethods="0"/>
      <line num="4" count="1" type="stmt"/>
      <line num="5" count="1" type="stmt"/>
      <line num="6" count="1" type="stmt"/>
      <line num="8" count="1" type="cond" truecount="2" falsecount="0"/>
      <line num="9" count="1" type="cond" truecount="1" falsecount="1"/>
      <line num="10" count="0" type="stmt"/>
    </file>
    <file name="routes.js" path="/home/odartei/Amalitech/CI_CD NODE SERIES/env_cicd_demo/todo-app/src/routes.js">
      <metrics statements="14" coveredstatements="11" conditionals="2" coveredconditionals="1" methods="4" coveredmethods="2"/>
      <line num="3" count="1" type="stmt"/>
      <line num="4" count="1" type="stmt"/>
      <line num="6" count="1" type="stmt"/>
      <line num="7" count="1" type="stmt"/>
      <line num="10" count="1" type="stmt"/>
      <line num="11" count="1" type="stmt"/>
      <line num="12" count="1" type="cond" truecount="1" falsecount="1"/>
      <line num="14" count="1" type="stmt"/>
      <line num="15" count="1" type="stmt"/>
      <line num="16" count="1" type="stmt"/>
      <line num="19" count="1" type="stmt"/>
      <line num="20" count="0" type="stmt"/>
      <line num="21" count="0" type="stmt"/>
      <line num="22" count="0" type="stmt"/>
    </file>
  </project>
</coverage>
